<?xml version="1.0" encoding="UTF-8"?>
<!-- Generated by org.testng.reporters.JUnitReportReporter -->
<testsuite skipped="0" hostname="DESKTOP-AVN7JFN" name="com.ohrm.test.BaseTest" tests="1" failures="0" timestamp="2020-10-11T16:34:36 EDT" time="3.936" errors="0">
  <testcase name="login" time="3.936" classname="com.ohrm.test.BaseTest"/>
  <system-out/>
</testsuite> <!-- com.ohrm.test.BaseTest -->
